<?xml version="1.0" encoding="UTF-8"?>
<!-- Generated by org.testng.reporters.JUnitReportReporter -->
<testsuite hostname="LAPTOP-QP4CB2HR" failures="0" tests="1" name="sample.sample" time="0.014" errors="0" timestamp="2023-08-03T20:41:02 IST" skipped="0">
  <testcase classname="sample.sample" name="demo1" time="0.014"/>
  <system-out/>
</testsuite> <!-- sample.sample -->
